<?xml version="1.0" encoding="UTF-8"?>
<!-- Generated by org.testng.reporters.JUnitXMLReporter -->
<testsuite hostname="DESKTOP-FVII93U" ignored="0" name="Default test" tests="6" failures="1" timestamp="17 Mar 2018 12:36:01 GMT" time="0.092" errors="0">
  <testcase name="@BeforeTest setUp" time="0.0" classname="com.billing.qa.tcs.BillHistoryDropdownTest">
    <failure type="org.testng.TestNGException" message="
Parameter &amp;apos;browser&amp;apos; is required by BeforeTest on method setUp but has not been marked @Optional or defined
in C:\Users\hrutu\AppData\Local\Temp\testng-eclipse--1164581834\testng-customsuite.xml">
      <![CDATA[org.testng.TestNGException: 
Parameter 'browser' is required by BeforeTest on method setUp but has not been marked @Optional or defined
in C:\Users\hrutu\AppData\Local\Temp\testng-eclipse--1164581834\testng-customsuite.xml
	at org.testng.internal.Parameters.createParameters(Parameters.java:199)
	at org.testng.internal.Parameters.createParameters(Parameters.java:443)
	at org.testng.internal.Parameters.createConfigurationParameters(Parameters.java:118)
	at org.testng.internal.Invoker.invokeConfigurations(Invoker.java:206)
	at org.testng.internal.Invoker.invokeConfigurations(Invoker.java:146)
	at org.testng.TestRunner.beforeRun(TestRunner.java:626)
	at org.testng.TestRunner.run(TestRunner.java:594)
	at org.testng.SuiteRunner.runTest(SuiteRunner.java:380)
	at org.testng.SuiteRunner.runSequentially(SuiteRunner.java:375)
	at org.testng.SuiteRunner.privateRun(SuiteRunner.java:340)
	at org.testng.SuiteRunner.run(SuiteRunner.java:289)
	at org.testng.SuiteRunnerWorker.runSuite(SuiteRunnerWorker.java:52)
	at org.testng.SuiteRunnerWorker.run(SuiteRunnerWorker.java:86)
	at org.testng.TestNG.runSuitesSequentially(TestNG.java:1301)
	at org.testng.TestNG.runSuitesLocally(TestNG.java:1226)
	at org.testng.TestNG.runSuites(TestNG.java:1144)
	at org.testng.TestNG.run(TestNG.java:1115)
	at org.testng.remote.AbstractRemoteTestNG.run(AbstractRemoteTestNG.java:114)
	at org.testng.remote.RemoteTestNG.initAndRun(RemoteTestNG.java:251)
	at org.testng.remote.RemoteTestNG.main(RemoteTestNG.java:77)
]]>
    </failure>
  </testcase> <!-- @BeforeTest setUp -->
  <testcase name="@AfterTest tearDown" time="0.0" classname="com.billing.qa.tcs.BillHistoryDropdownTest">
    <skipped/>
  </testcase> <!-- @AfterTest tearDown -->
  <testcase name="checkLogin" time="0.0" classname="com.billing.qa.tcs.BillHistoryDropdownTest">
    <failure type="org.testng.TestNGException" message="
Parameter &amp;apos;userName&amp;apos; is required by @Test on method checkLogin but has not been marked @Optional or defined
in C:\Users\hrutu\AppData\Local\Temp\testng-eclipse--1164581834\testng-customsuite.xml">
      <![CDATA[org.testng.TestNGException: 
Parameter 'userName' is required by @Test on method checkLogin but has not been marked @Optional or defined
in C:\Users\hrutu\AppData\Local\Temp\testng-eclipse--1164581834\testng-customsuite.xml
	at org.testng.internal.Parameters.createParameters(Parameters.java:199)
	at org.testng.internal.Parameters.createParameters(Parameters.java:443)
	at org.testng.internal.Parameters.handleParameters(Parameters.java:569)
	at org.testng.internal.Invoker.handleParameters(Invoker.java:1308)
	at org.testng.internal.Invoker.createParameters(Invoker.java:1036)
	at org.testng.internal.Invoker.invokeTestMethods(Invoker.java:1126)
	at org.testng.internal.TestMethodWorker.invokeTestMethods(TestMethodWorker.java:126)
	at org.testng.internal.TestMethodWorker.run(TestMethodWorker.java:109)
	at org.testng.TestRunner.privateRun(TestRunner.java:744)
	at org.testng.TestRunner.run(TestRunner.java:602)
	at org.testng.SuiteRunner.runTest(SuiteRunner.java:380)
	at org.testng.SuiteRunner.runSequentially(SuiteRunner.java:375)
	at org.testng.SuiteRunner.privateRun(SuiteRunner.java:340)
	at org.testng.SuiteRunner.run(SuiteRunner.java:289)
	at org.testng.SuiteRunnerWorker.runSuite(SuiteRunnerWorker.java:52)
	at org.testng.SuiteRunnerWorker.run(SuiteRunnerWorker.java:86)
	at org.testng.TestNG.runSuitesSequentially(TestNG.java:1301)
	at org.testng.TestNG.runSuitesLocally(TestNG.java:1226)
	at org.testng.TestNG.runSuites(TestNG.java:1144)
	at org.testng.TestNG.run(TestNG.java:1115)
	at org.testng.remote.AbstractRemoteTestNG.run(AbstractRemoteTestNG.java:114)
	at org.testng.remote.RemoteTestNG.initAndRun(RemoteTestNG.java:251)
	at org.testng.remote.RemoteTestNG.main(RemoteTestNG.java:77)
]]>
    </failure>
  </testcase> <!-- checkLogin -->
  <testcase name="goToBillingPage" time="0.0" classname="com.billing.qa.tcs.BillHistoryDropdownTest">
    <skipped/>
  </testcase> <!-- goToBillingPage -->
  <testcase name="validateTotalChargesForCurrentBill" time="0.0" classname="com.billing.qa.tcs.BillHistoryDropdownTest">
    <skipped/>
  </testcase> <!-- validateTotalChargesForCurrentBill -->
  <testcase name="validateSelectPreviousBill" time="0.0" classname="com.billing.qa.tcs.BillHistoryDropdownTest">
    <skipped/>
  </testcase> <!-- validateSelectPreviousBill -->
  <testcase name="validateTotalChargesForPreviousBill" time="0.0" classname="com.billing.qa.tcs.BillHistoryDropdownTest">
    <skipped/>
  </testcase> <!-- validateTotalChargesForPreviousBill -->
  <testcase name="validateNumberOfBillInBHD" time="0.0" classname="com.billing.qa.tcs.BillHistoryDropdownTest">
    <skipped/>
  </testcase> <!-- validateNumberOfBillInBHD -->
</testsuite> <!-- Default test -->
