<html>
<head>
<title>TestNG:  validate_print_preview_page</title>
<link href="../testng.css" rel="stylesheet" type="text/css" />
<link href="../my-testng.css" rel="stylesheet" type="text/css" />

<style type="text/css">
.log { display: none;} 
.stack-trace { display: none;} 
</style>
<script type="text/javascript">
<!--
function flip(e) {
  current = e.style.display;
  if (current == 'block') {
    e.style.display = 'none';
    return 0;
  }
  else {
    e.style.display = 'block';
    return 1;
  }
}

function toggleBox(szDivId, elem, msg1, msg2)
{
  var res = -1;  if (document.getElementById) {
    res = flip(document.getElementById(szDivId));
  }
  else if (document.all) {
    // this is the way old msie versions work
    res = flip(document.all[szDivId]);
  }
  if(elem) {
    if(res == 0) elem.innerHTML = msg1; else elem.innerHTML = msg2;
  }

}

function toggleAllBoxes() {
  if (document.getElementsByTagName) {
    d = document.getElementsByTagName('div');
    for (i = 0; i < d.length; i++) {
      if (d[i].className == 'log') {
        flip(d[i]);
      }
    }
  }
}

// -->
</script>

</head>
<body>
<h2 align='center'>validate_print_preview_page</h2><table border='1' align="center">
<tr>
<td>Tests passed/Failed/Skipped:</td><td>2/1/0</td>
</tr><tr>
<td>Started on:</td><td>Sat Mar 24 12:24:14 IST 2018</td>
</tr>
<tr><td>Total time:</td><td>746 seconds (746697 ms)</td>
</tr><tr>
<td>Included groups:</td><td></td>
</tr><tr>
<td>Excluded groups:</td><td></td>
</tr>
</table><p/>
<small><i>(Hover the method name to see the test class name)</i></small><p/>
<table width='100%' border='1' class='invocation-failed'>
<tr><td colspan='4' align='center'><b>FAILED TESTS</b></td></tr>
<tr><td><b>Test method</b></td>
<td width="30%"><b>Exception</b></td>
<td width="10%"><b>Time (seconds)</b></td>
<td><b>Instance</b></td>
</tr>
<tr>
<td title='com.billing.qa.tcs.PrintPreviewTest.validatePrintFunctionality()'><b>validatePrintFunctionality</b><br>Test class: com.billing.qa.tcs.PrintPreviewTest<br/>
<a href="#Output-1766911337" onClick='toggleBox("Output-1766911337", this, "Show output", "Hide output");'>Show output</a>

<a href="#Output-1766911337" onClick="toggleAllBoxes();">Show all outputs</a>
<div class='log' id="Output-1766911337">
<img src="file://A:\Workspace\Billing/Screenshots//validate_print_preview_page/20180324122531.png" alt=""/><br/>
</div>
</td>
<td><div><pre>org.openqa.selenium.NoSuchWindowException: no such window: target window already closed
from unknown error: web view not found
  (Session info: chrome=65.0.3325.181)
  (Driver info: chromedriver=2.35.528161 (5b82f2d2aae0ca24b877009200ced9065a772e73),platform=Windows NT 10.0.16299 x86_64) (WARNING: The server did not provide any stacktrace information)
Command duration or timeout: 0 milliseconds
Build info: version: &apos;3.5.3&apos;, revision: &apos;a88d25fe6b&apos;, time: &apos;2017-08-29T12:42:44.417Z&apos;
System info: host: &apos;DESKTOP-FVII93U&apos;, ip: &apos;192.168.84.1&apos;, os.name: &apos;Windows 10&apos;, os.arch: &apos;amd64&apos;, os.version: &apos;10.0&apos;, java.version: &apos;1.8.0_162&apos;
Driver info: org.openqa.selenium.chrome.ChromeDriver
Capabilities [{mobileEmulationEnabled=false, hasTouchScreen=false, platform=XP, acceptSslCerts=false, acceptInsecureCerts=false, webStorageEnabled=true, browserName=chrome, takesScreenshot=true, javascriptEnabled=true, platformName=XP, setWindowRect=true, unexpectedAlertBehaviour=, applicationCacheEnabled=false, rotatable=false, networkConnectionEnabled=false, chrome={chromedriverVersion=2.35.528161 (5b82f2d2aae0ca24b877009200ced9065a772e73), userDataDir=C:\Users\hrutu\AppData\Local\Temp\scoped_dir3980_12561}, takesHeapSnapshot=true, pageLoadStrategy=normal, unhandledPromptBehavior=, databaseEnabled=false, handlesAlerts=true, version=65.0.3325.181, browserConnectionEnabled=false, nativeEvents=true, locationContextEnabled=true, cssSelectorsEnabled=true}]
Session ID: 2e585567ed0e37f9ff5ab69e6b4e8ae1
	at org.openqa.selenium.remote.ErrorHandler.createThrowable(ErrorHandler.java:215)
	at org.openqa.selenium.remote.ErrorHandler.throwIfResponseFailed(ErrorHandler.java:167)
	at org.openqa.selenium.remote.http.JsonHttpResponseCodec.reconstructValue(JsonHttpResponseCodec.java:40)
	at org.openqa.selenium.remote.http.AbstractHttpResponseCodec.decode(AbstractHttpResponseCodec.java:82)
	at org.openqa.selenium.remote.http.AbstractHttpResponseCodec.decode(AbstractHttpResponseCodec.java:45)
	at org.openqa.selenium.remote.HttpCommandExecutor.execute(HttpCommandExecutor.java:164)
	at org.openqa.selenium.remote.service.DriverCommandExecutor.execute(DriverCommandExecutor.java:82)
	at org.openqa.selenium.remote.RemoteWebDriver.execute(RemoteWebDriver.java:646)
	at org.openqa.selenium.remote.RemoteWebDriver.execute(RemoteWebDriver.java:703)
	at org.openqa.selenium.remote.RemoteWebDriver.getScreenshotAs(RemoteWebDriver.java:388)
	at org.openqa.selenium.support.events.EventFiringWebDriver$2.invoke(EventFiringWebDriver.java:105)
	at com.sun.proxy.$Proxy8.getScreenshotAs(Unknown Source)
	at org.openqa.selenium.support.events.EventFiringWebDriver.getScreenshotAs(EventFiringWebDriver.java:288)
	at com.billing.qa.util.TestUtil.getSS(TestUtil.java:52)
	at com.billing.qa.util.WebEventListener.afterFindBy(WebEventListener.java:95)
	at org.openqa.selenium.support.events.EventFiringWebDriver$1.invoke(EventFiringWebDriver.java:82)
	at com.sun.proxy.$Proxy7.afterFindBy(Unknown Source)
	at org.openqa.selenium.support.events.EventFiringWebDriver.findElement(EventFiringWebDriver.java:190)
	at org.openqa.selenium.support.pagefactory.DefaultElementLocator.findElement(DefaultElementLocator.java:69)
	at org.openqa.selenium.support.pagefactory.internal.LocatingElementHandler.invoke(LocatingElementHandler.java:38)
	at com.sun.proxy.$Proxy12.click(Unknown Source)
	at com.billing.qa.pages.PrintPreviewPage.validatePrintButton(PrintPreviewPage.java:97)
	at com.billing.qa.tcs.PrintPreviewTest.validatePrintFunctionality(PrintPreviewTest.java:55)
... Removed 35 stack frames</pre></div><a href='#' onClick='toggleBox("stack-trace1766911337", this, "Click to show all stack frames", "Click to hide stack frames")'>Click to show all stack frames</a>
<div class='stack-trace' id='stack-trace1766911337'><pre>org.openqa.selenium.NoSuchWindowException: no such window: target window already closed
from unknown error: web view not found
  (Session info: chrome=65.0.3325.181)
  (Driver info: chromedriver=2.35.528161 (5b82f2d2aae0ca24b877009200ced9065a772e73),platform=Windows NT 10.0.16299 x86_64) (WARNING: The server did not provide any stacktrace information)
Command duration or timeout: 0 milliseconds
Build info: version: &apos;3.5.3&apos;, revision: &apos;a88d25fe6b&apos;, time: &apos;2017-08-29T12:42:44.417Z&apos;
System info: host: &apos;DESKTOP-FVII93U&apos;, ip: &apos;192.168.84.1&apos;, os.name: &apos;Windows 10&apos;, os.arch: &apos;amd64&apos;, os.version: &apos;10.0&apos;, java.version: &apos;1.8.0_162&apos;
Driver info: org.openqa.selenium.chrome.ChromeDriver
Capabilities [{mobileEmulationEnabled=false, hasTouchScreen=false, platform=XP, acceptSslCerts=false, acceptInsecureCerts=false, webStorageEnabled=true, browserName=chrome, takesScreenshot=true, javascriptEnabled=true, platformName=XP, setWindowRect=true, unexpectedAlertBehaviour=, applicationCacheEnabled=false, rotatable=false, networkConnectionEnabled=false, chrome={chromedriverVersion=2.35.528161 (5b82f2d2aae0ca24b877009200ced9065a772e73), userDataDir=C:\Users\hrutu\AppData\Local\Temp\scoped_dir3980_12561}, takesHeapSnapshot=true, pageLoadStrategy=normal, unhandledPromptBehavior=, databaseEnabled=false, handlesAlerts=true, version=65.0.3325.181, browserConnectionEnabled=false, nativeEvents=true, locationContextEnabled=true, cssSelectorsEnabled=true}]
Session ID: 2e585567ed0e37f9ff5ab69e6b4e8ae1
	at sun.reflect.NativeConstructorAccessorImpl.newInstance0(Native Method)
	at sun.reflect.NativeConstructorAccessorImpl.newInstance(NativeConstructorAccessorImpl.java:62)
	at sun.reflect.DelegatingConstructorAccessorImpl.newInstance(DelegatingConstructorAccessorImpl.java:45)
	at java.lang.reflect.Constructor.newInstance(Constructor.java:423)
	at org.openqa.selenium.remote.ErrorHandler.createThrowable(ErrorHandler.java:215)
	at org.openqa.selenium.remote.ErrorHandler.throwIfResponseFailed(ErrorHandler.java:167)
	at org.openqa.selenium.remote.http.JsonHttpResponseCodec.reconstructValue(JsonHttpResponseCodec.java:40)
	at org.openqa.selenium.remote.http.AbstractHttpResponseCodec.decode(AbstractHttpResponseCodec.java:82)
	at org.openqa.selenium.remote.http.AbstractHttpResponseCodec.decode(AbstractHttpResponseCodec.java:45)
	at org.openqa.selenium.remote.HttpCommandExecutor.execute(HttpCommandExecutor.java:164)
	at org.openqa.selenium.remote.service.DriverCommandExecutor.execute(DriverCommandExecutor.java:82)
	at org.openqa.selenium.remote.RemoteWebDriver.execute(RemoteWebDriver.java:646)
	at org.openqa.selenium.remote.RemoteWebDriver.execute(RemoteWebDriver.java:703)
	at org.openqa.selenium.remote.RemoteWebDriver.getScreenshotAs(RemoteWebDriver.java:388)
	at sun.reflect.GeneratedMethodAccessor2.invoke(Unknown Source)
	at sun.reflect.DelegatingMethodAccessorImpl.invoke(DelegatingMethodAccessorImpl.java:43)
	at java.lang.reflect.Method.invoke(Method.java:498)
	at org.openqa.selenium.support.events.EventFiringWebDriver$2.invoke(EventFiringWebDriver.java:105)
	at com.sun.proxy.$Proxy8.getScreenshotAs(Unknown Source)
	at org.openqa.selenium.support.events.EventFiringWebDriver.getScreenshotAs(EventFiringWebDriver.java:288)
	at com.billing.qa.util.TestUtil.getSS(TestUtil.java:52)
	at com.billing.qa.util.WebEventListener.afterFindBy(WebEventListener.java:95)
	at sun.reflect.GeneratedMethodAccessor6.invoke(Unknown Source)
	at sun.reflect.DelegatingMethodAccessorImpl.invoke(DelegatingMethodAccessorImpl.java:43)
	at java.lang.reflect.Method.invoke(Method.java:498)
	at org.openqa.selenium.support.events.EventFiringWebDriver$1.invoke(EventFiringWebDriver.java:82)
	at com.sun.proxy.$Proxy7.afterFindBy(Unknown Source)
	at org.openqa.selenium.support.events.EventFiringWebDriver.findElement(EventFiringWebDriver.java:190)
	at org.openqa.selenium.support.pagefactory.DefaultElementLocator.findElement(DefaultElementLocator.java:69)
	at org.openqa.selenium.support.pagefactory.internal.LocatingElementHandler.invoke(LocatingElementHandler.java:38)
	at com.sun.proxy.$Proxy12.click(Unknown Source)
	at com.billing.qa.pages.PrintPreviewPage.validatePrintButton(PrintPreviewPage.java:97)
	at com.billing.qa.tcs.PrintPreviewTest.validatePrintFunctionality(PrintPreviewTest.java:55)
	at sun.reflect.NativeMethodAccessorImpl.invoke0(Native Method)
	at sun.reflect.NativeMethodAccessorImpl.invoke(NativeMethodAccessorImpl.java:62)
	at sun.reflect.DelegatingMethodAccessorImpl.invoke(DelegatingMethodAccessorImpl.java:43)
	at java.lang.reflect.Method.invoke(Method.java:498)
	at org.testng.internal.MethodInvocationHelper.invokeMethod(MethodInvocationHelper.java:108)
	at org.testng.internal.Invoker.invokeMethod(Invoker.java:661)
	at org.testng.internal.Invoker.invokeTestMethod(Invoker.java:869)
	at org.testng.internal.Invoker.invokeTestMethods(Invoker.java:1193)
	at org.testng.internal.TestMethodWorker.invokeTestMethods(TestMethodWorker.java:126)
	at org.testng.internal.TestMethodWorker.run(TestMethodWorker.java:109)
	at org.testng.TestRunner.privateRun(TestRunner.java:744)
	at org.testng.TestRunner.run(TestRunner.java:602)
	at org.testng.SuiteRunner.runTest(SuiteRunner.java:380)
	at org.testng.SuiteRunner.runSequentially(SuiteRunner.java:375)
	at org.testng.SuiteRunner.privateRun(SuiteRunner.java:340)
	at org.testng.SuiteRunner.run(SuiteRunner.java:289)
	at org.testng.SuiteRunnerWorker.runSuite(SuiteRunnerWorker.java:52)
	at org.testng.SuiteRunnerWorker.run(SuiteRunnerWorker.java:86)
	at org.testng.TestNG.runSuitesSequentially(TestNG.java:1301)
	at org.testng.TestNG.runSuitesLocally(TestNG.java:1226)
	at org.testng.TestNG.runSuites(TestNG.java:1144)
	at org.testng.TestNG.run(TestNG.java:1115)
	at org.testng.remote.AbstractRemoteTestNG.run(AbstractRemoteTestNG.java:114)
	at org.testng.remote.RemoteTestNG.initAndRun(RemoteTestNG.java:251)
	at org.testng.remote.RemoteTestNG.main(RemoteTestNG.java:77)
</pre></div></td>
<td>668</td>
<td>com.billing.qa.tcs.PrintPreviewTest@42dafa95</td></tr>
</table><p>
<table width='100%' border='1' class='invocation-passed'>
<tr><td colspan='4' align='center'><b>PASSED TESTS</b></td></tr>
<tr><td><b>Test method</b></td>
<td width="30%"><b>Exception</b></td>
<td width="10%"><b>Time (seconds)</b></td>
<td><b>Instance</b></td>
</tr>
<tr>
<td title='com.billing.qa.tcs.PrintPreviewTest.checkLogin()'><b>checkLogin</b><br>Test class: com.billing.qa.tcs.PrintPreviewTest<br>Parameters: mathewfloer13135, test1ng<br/>
<a href="#Output-718571091" onClick='toggleBox("Output-718571091", this, "Show output", "Hide output");'>Show output</a>

<a href="#Output-718571091" onClick="toggleAllBoxes();">Show all outputs</a>
<div class='log' id="Output-718571091">
<img src="file://A:\Workspace\Billing/Screenshots//validate_print_preview_page/20180324122442.png" alt=""/><br/>
<img src="file://A:\Workspace\Billing/Screenshots//validate_print_preview_page/20180324122442.png" alt=""/><br/>
<img src="file://A:\Workspace\Billing/Screenshots//validate_print_preview_page/20180324122443.png" alt=""/><br/>
<img src="file://A:\Workspace\Billing/Screenshots//validate_print_preview_page/20180324122443.png" alt=""/><br/>
<img src="file://A:\Workspace\Billing/Screenshots//validate_print_preview_page/20180324122445.png" alt=""/><br/>
<img src="file://A:\Workspace\Billing/Screenshots//validate_print_preview_page/20180324122445.png" alt=""/><br/>
<img src="file://A:\Workspace\Billing/Screenshots//validate_print_preview_page/20180324122502.png" alt=""/><br/>
<img src="file://A:\Workspace\Billing/Screenshots//validate_print_preview_page/20180324122507.png" alt=""/><br/>
<img src="file://A:\Workspace\Billing/Screenshots//validate_print_preview_page/20180324122508.png" alt=""/><br/>
<img src="file://A:\Workspace\Billing/Screenshots//validate_print_preview_page/20180324122508.png" alt=""/><br/>
<img src="file://A:\Workspace\Billing/Screenshots//validate_print_preview_page/20180324122509.png" alt=""/><br/>
<img src="file://A:\Workspace\Billing/Screenshots//validate_print_preview_page/20180324122520.png" alt=""/><br/>
<img src="file://A:\Workspace\Billing/Screenshots//validate_print_preview_page/20180324122521.png" alt=""/><br/>
</div>
</td>
<td></td>
<td>57</td>
<td>com.billing.qa.tcs.PrintPreviewTest@42dafa95</td></tr>
<tr>
<td title='com.billing.qa.tcs.PrintPreviewTest.validatePrintPreview()'><b>validatePrintPreview</b><br>Test class: com.billing.qa.tcs.PrintPreviewTest<br/>
<a href="#Output-40170008" onClick='toggleBox("Output-40170008", this, "Show output", "Hide output");'>Show output</a>

<a href="#Output-40170008" onClick="toggleAllBoxes();">Show all outputs</a>
<div class='log' id="Output-40170008">
<img src="file://A:\Workspace\Billing/Screenshots//validate_print_preview_page/20180324122527.png" alt=""/><br/>
<img src="file://A:\Workspace\Billing/Screenshots//validate_print_preview_page/20180324122529.png" alt=""/><br/>
<img src="file://A:\Workspace\Billing/Screenshots//validate_print_preview_page/20180324122529.png" alt=""/><br/>
<img src="file://A:\Workspace\Billing/Screenshots//validate_print_preview_page/20180324122530.png" alt=""/><br/>
<img src="file://A:\Workspace\Billing/Screenshots//validate_print_preview_page/20180324122530.png" alt=""/><br/>
<img src="file://A:\Workspace\Billing/Screenshots//validate_print_preview_page/20180324122531.png" alt=""/><br/>
<img src="file://A:\Workspace\Billing/Screenshots//validate_print_preview_page/20180324122531.png" alt=""/><br/>
</div>
</td>
<td></td>
<td>10</td>
<td>com.billing.qa.tcs.PrintPreviewTest@42dafa95</td></tr>
</table><p>
</body>
</html>