<?xml version="1.0" encoding="UTF-8"?>
<!-- Generated by org.testng.reporters.JUnitXMLReporter -->
<testsuite hostname="DESKTOP-FVII93U" ignored="0" name="validate_reports_framework" tests="2" failures="1" timestamp="20 Mar 2018 06:44:47 GMT" time="68.201" errors="0">
  <testcase name="checkLogin" time="39.447" classname="com.billing.qa.tcs.ReportFramework"/>
  <testcase name="validateReportFramework" time="18.923" classname="com.billing.qa.tcs.ReportFramework">
    <failure type="org.openqa.selenium.WebDriverException" message="unknown error: Element &amp;lt;button type=&amp;quot;button&amp;quot; ddh-dropdown-toggle=&amp;quot;&amp;quot; ng-disabled=&amp;quot;disabled&amp;quot; aria-label=&amp;quot; ...&amp;quot; aria-expanded=&amp;quot;false&amp;quot; aria-haspopup=&amp;quot;true&amp;quot; ng-click=&amp;quot;toggleDropdown()&amp;quot; ng-blur=&amp;quot;setBlur()&amp;quot; ng-class=&amp;quot;{&amp;apos;active opened&amp;apos;: toggleFlag, &amp;apos;closed&amp;apos;: !toggleFlag, &amp;apos;large&amp;apos;: (dropdownSize === &amp;apos;large&amp;apos;), &amp;apos;awd-select isWrapped&amp;apos;: (dropdownType === &amp;apos;menu&amp;apos;), &amp;apos;selectMenu&amp;apos;: (dropdownType !== &amp;apos;menu&amp;apos;)}&amp;quot; ng-bind-html=&amp;quot;currentSelected.text&amp;quot; ng-show=&amp;quot;!isInputDropdown&amp;quot; class=&amp;quot;ng-binding closed awd-select isWrapped&amp;quot; style=&amp;quot;&amp;quot;&amp;gt;Data use&amp;lt;/button&amp;gt; is not clickable at point (401, 19). Other element would receive the click: &amp;lt;div class=&amp;quot;text-center graph-details bold ng-binding&amp;quot; ng-bind-html=&amp;quot;caption&amp;quot;&amp;gt;...&amp;lt;/div&amp;gt;
  (Session info: chrome=65.0.3325.162)
  (Driver info: chromedriver=2.35.528161 (5b82f2d2aae0ca24b877009200ced9065a772e73),platform=Windows NT 10.0.16299 x86_64) (WARNING: The server did not provide any stacktrace information)
Command duration or timeout: 0 milliseconds
Build info: version: &amp;apos;3.5.3&amp;apos;, revision: &amp;apos;a88d25fe6b&amp;apos;, time: &amp;apos;2017-08-29T12:42:44.417Z&amp;apos;
System info: host: &amp;apos;DESKTOP-FVII93U&amp;apos;, ip: &amp;apos;192.168.84.1&amp;apos;, os.name: &amp;apos;Windows 10&amp;apos;, os.arch: &amp;apos;amd64&amp;apos;, os.version: &amp;apos;10.0&amp;apos;, java.version: &amp;apos;1.8.0_162&amp;apos;
Driver info: org.openqa.selenium.chrome.ChromeDriver
Capabilities [{mobileEmulationEnabled=false, hasTouchScreen=false, platform=XP, acceptSslCerts=false, acceptInsecureCerts=false, webStorageEnabled=true, browserName=chrome, takesScreenshot=true, javascriptEnabled=true, platformName=XP, setWindowRect=true, unexpectedAlertBehaviour=, applicationCacheEnabled=false, rotatable=false, networkConnectionEnabled=false, chrome={chromedriverVersion=2.35.528161 (5b82f2d2aae0ca24b877009200ced9065a772e73), userDataDir=C:\Users\hrutu\AppData\Local\Temp\scoped_dir24832_1890}, takesHeapSnapshot=true, pageLoadStrategy=normal, unhandledPromptBehavior=, databaseEnabled=false, handlesAlerts=true, version=65.0.3325.162, browserConnectionEnabled=false, nativeEvents=true, locationContextEnabled=true, cssSelectorsEnabled=true}]
Session ID: 802db44ea762845f0386f7ffe99b394f">
      <![CDATA[org.openqa.selenium.WebDriverException: unknown error: Element <button type="button" ddh-dropdown-toggle="" ng-disabled="disabled" aria-label=" ..." aria-expanded="false" aria-haspopup="true" ng-click="toggleDropdown()" ng-blur="setBlur()" ng-class="{'active opened': toggleFlag, 'closed': !toggleFlag, 'large': (dropdownSize === 'large'), 'awd-select isWrapped': (dropdownType === 'menu'), 'selectMenu': (dropdownType !== 'menu')}" ng-bind-html="currentSelected.text" ng-show="!isInputDropdown" class="ng-binding closed awd-select isWrapped" style="">Data use</button> is not clickable at point (401, 19). Other element would receive the click: <div class="text-center graph-details bold ng-binding" ng-bind-html="caption">...</div>
  (Session info: chrome=65.0.3325.162)
  (Driver info: chromedriver=2.35.528161 (5b82f2d2aae0ca24b877009200ced9065a772e73),platform=Windows NT 10.0.16299 x86_64) (WARNING: The server did not provide any stacktrace information)
Command duration or timeout: 0 milliseconds
Build info: version: '3.5.3', revision: 'a88d25fe6b', time: '2017-08-29T12:42:44.417Z'
System info: host: 'DESKTOP-FVII93U', ip: '192.168.84.1', os.name: 'Windows 10', os.arch: 'amd64', os.version: '10.0', java.version: '1.8.0_162'
Driver info: org.openqa.selenium.chrome.ChromeDriver
Capabilities [{mobileEmulationEnabled=false, hasTouchScreen=false, platform=XP, acceptSslCerts=false, acceptInsecureCerts=false, webStorageEnabled=true, browserName=chrome, takesScreenshot=true, javascriptEnabled=true, platformName=XP, setWindowRect=true, unexpectedAlertBehaviour=, applicationCacheEnabled=false, rotatable=false, networkConnectionEnabled=false, chrome={chromedriverVersion=2.35.528161 (5b82f2d2aae0ca24b877009200ced9065a772e73), userDataDir=C:\Users\hrutu\AppData\Local\Temp\scoped_dir24832_1890}, takesHeapSnapshot=true, pageLoadStrategy=normal, unhandledPromptBehavior=, databaseEnabled=false, handlesAlerts=true, version=65.0.3325.162, browserConnectionEnabled=false, nativeEvents=true, locationContextEnabled=true, cssSelectorsEnabled=true}]
Session ID: 802db44ea762845f0386f7ffe99b394f
	at org.openqa.selenium.remote.ErrorHandler.createThrowable(ErrorHandler.java:215)
	at org.openqa.selenium.remote.ErrorHandler.throwIfResponseFailed(ErrorHandler.java:167)
	at org.openqa.selenium.remote.http.JsonHttpResponseCodec.reconstructValue(JsonHttpResponseCodec.java:40)
	at org.openqa.selenium.remote.http.AbstractHttpResponseCodec.decode(AbstractHttpResponseCodec.java:82)
	at org.openqa.selenium.remote.http.AbstractHttpResponseCodec.decode(AbstractHttpResponseCodec.java:45)
	at org.openqa.selenium.remote.HttpCommandExecutor.execute(HttpCommandExecutor.java:164)
	at org.openqa.selenium.remote.service.DriverCommandExecutor.execute(DriverCommandExecutor.java:82)
	at org.openqa.selenium.remote.RemoteWebDriver.execute(RemoteWebDriver.java:646)
	at org.openqa.selenium.remote.RemoteWebElement.execute(RemoteWebElement.java:275)
	at org.openqa.selenium.remote.RemoteWebElement.click(RemoteWebElement.java:82)
	at org.openqa.selenium.support.events.EventFiringWebDriver$EventFiringWebElement$1.invoke(EventFiringWebDriver.java:350)
	at com.sun.proxy.$Proxy12.click(Unknown Source)
	at org.openqa.selenium.support.events.EventFiringWebDriver$EventFiringWebElement.click(EventFiringWebDriver.java:363)
	at org.openqa.selenium.support.pagefactory.internal.LocatingElementHandler.invoke(LocatingElementHandler.java:51)
	at com.sun.proxy.$Proxy11.click(Unknown Source)
	at com.billing.qa.pages.ReportsPage.selectReportType(ReportsPage.java:28)
	at com.billing.qa.tcs.ReportFramework.validateReportFramework(ReportFramework.java:42)
... Removed 37 stack frames]]>
    </failure>
  </testcase> <!-- validateReportFramework -->
</testsuite> <!-- validate_reports_framework -->
