<?xml version="1.0" encoding="UTF-8"?>
<!-- Generated by org.testng.reporters.JUnitXMLReporter -->
<testsuite hostname="DESKTOP-FVII93U" ignored="0" name="Command line test" tests="7" failures="2" timestamp="17 Mar 2018 09:53:52 GMT" time="0.077" errors="0">
  <testcase name="@BeforeTest setUp" time="0.0" classname="com.billing.qa.tcs.MyBillPageTest">
    <failure type="org.testng.TestNGException" message="
Parameter &amp;apos;browser&amp;apos; is required by BeforeTest on method setUp but has not been marked @Optional or defined
">
      <![CDATA[org.testng.TestNGException: 
Parameter 'browser' is required by BeforeTest on method setUp but has not been marked @Optional or defined

... Removed 30 stack frames]]>
    </failure>
  </testcase> <!-- @BeforeTest setUp -->
  <testcase name="@BeforeMethod setUp" time="0.0" classname="com.billing.qa.tcs.OverviewPageTest">
    <skipped/>
  </testcase> <!-- @BeforeMethod setUp -->
  <testcase name="@AfterTest tearDown" time="0.0" classname="com.billing.qa.tcs.MyBillPageTest">
    <skipped/>
  </testcase> <!-- @AfterTest tearDown -->
  <testcase name="doLogin" time="0.0" classname="com.billing.qa.tcs.LoginTest">
    <failure type="org.testng.TestNGException" message="
Parameter &amp;apos;userName&amp;apos; is required by @Test on method doLogin but has not been marked @Optional or defined
">
      <![CDATA[org.testng.TestNGException: 
Parameter 'userName' is required by @Test on method doLogin but has not been marked @Optional or defined

... Removed 33 stack frames]]>
    </failure>
  </testcase> <!-- doLogin -->
  <testcase name="checkNavigation" time="0.0" classname="com.billing.qa.tcs.OverviewPageTest">
    <skipped/>
  </testcase> <!-- checkNavigation -->
  <testcase name="checkLogin" time="0.0" classname="com.billing.qa.tcs.MyBillPageTest">
    <failure type="org.testng.TestNGException" message="
Parameter &amp;apos;userName&amp;apos; is required by @Test on method checkLogin but has not been marked @Optional or defined
">
      <![CDATA[org.testng.TestNGException: 
Parameter 'userName' is required by @Test on method checkLogin but has not been marked @Optional or defined

... Removed 33 stack frames]]>
    </failure>
  </testcase> <!-- checkLogin -->
  <testcase name="goToBillingPage" time="0.0" classname="com.billing.qa.tcs.MyBillPageTest">
    <skipped/>
  </testcase> <!-- goToBillingPage -->
  <testcase name="validateTotalChargesForCurrentBill" time="0.0" classname="com.billing.qa.tcs.MyBillPageTest">
    <skipped/>
  </testcase> <!-- validateTotalChargesForCurrentBill -->
  <testcase name="validateSelectPreviousBill" time="0.0" classname="com.billing.qa.tcs.MyBillPageTest">
    <skipped/>
  </testcase> <!-- validateSelectPreviousBill -->
  <testcase name="validateTotalChargesForPreviousBill" time="0.0" classname="com.billing.qa.tcs.MyBillPageTest">
    <skipped/>
  </testcase> <!-- validateTotalChargesForPreviousBill -->
</testsuite> <!-- Command line test -->
